{"/home/vika/Учеба/Classes/character.js": {"path":"/home/vika/Учеба/Classes/character.js","statementMap":{"0":{"start":{"line":1,"column":14},"end":{"line":8,"column":3}},"1":{"start":{"line":12,"column":6},"end":{"line":14,"column":7}},"2":{"start":{"line":13,"column":8},"end":{"line":13,"column":44}},"3":{"start":{"line":15,"column":6},"end":{"line":17,"column":7}},"4":{"start":{"line":16,"column":8},"end":{"line":16,"column":53}},"5":{"start":{"line":18,"column":6},"end":{"line":18,"column":23}},"6":{"start":{"line":19,"column":6},"end":{"line":19,"column":23}},"7":{"start":{"line":20,"column":6},"end":{"line":20,"column":24}},"8":{"start":{"line":21,"column":6},"end":{"line":21,"column":21}},"9":{"start":{"line":22,"column":6},"end":{"line":47,"column":7}},"10":{"start":{"line":24,"column":10},"end":{"line":24,"column":27}},"11":{"start":{"line":25,"column":10},"end":{"line":25,"column":28}},"12":{"start":{"line":26,"column":10},"end":{"line":26,"column":16}},"13":{"start":{"line":28,"column":10},"end":{"line":28,"column":27}},"14":{"start":{"line":29,"column":10},"end":{"line":29,"column":28}},"15":{"start":{"line":30,"column":10},"end":{"line":30,"column":16}},"16":{"start":{"line":32,"column":10},"end":{"line":32,"column":27}},"17":{"start":{"line":33,"column":10},"end":{"line":33,"column":28}},"18":{"start":{"line":34,"column":10},"end":{"line":34,"column":16}},"19":{"start":{"line":36,"column":10},"end":{"line":36,"column":27}},"20":{"start":{"line":37,"column":10},"end":{"line":37,"column":28}},"21":{"start":{"line":38,"column":10},"end":{"line":38,"column":16}},"22":{"start":{"line":40,"column":10},"end":{"line":40,"column":27}},"23":{"start":{"line":41,"column":10},"end":{"line":41,"column":28}},"24":{"start":{"line":42,"column":10},"end":{"line":42,"column":16}},"25":{"start":{"line":44,"column":10},"end":{"line":44,"column":27}},"26":{"start":{"line":45,"column":10},"end":{"line":45,"column":28}},"27":{"start":{"line":46,"column":10},"end":{"line":46,"column":16}},"28":{"start":{"line":53,"column":6},"end":{"line":53,"column":28}},"29":{"start":{"line":59,"column":6},"end":{"line":59,"column":31}},"30":{"start":{"line":65,"column":6},"end":{"line":65,"column":30}},"31":{"start":{"line":71,"column":6},"end":{"line":71,"column":28}},"32":{"start":{"line":77,"column":6},"end":{"line":77,"column":28}},"33":{"start":{"line":83,"column":6},"end":{"line":83,"column":28}},"34":{"start":{"line":87,"column":2},"end":{"line":95,"column":4}}},"fnMap":{"0":{"name":"(anonymous_0)","decl":{"start":{"line":11,"column":4},"end":{"line":11,"column":5}},"loc":{"start":{"line":11,"column":28},"end":{"line":48,"column":5}},"line":11},"1":{"name":"(anonymous_1)","decl":{"start":{"line":52,"column":4},"end":{"line":52,"column":5}},"loc":{"start":{"line":52,"column":22},"end":{"line":54,"column":5}},"line":52},"2":{"name":"(anonymous_2)","decl":{"start":{"line":58,"column":4},"end":{"line":58,"column":5}},"loc":{"start":{"line":58,"column":22},"end":{"line":60,"column":5}},"line":58},"3":{"name":"(anonymous_3)","decl":{"start":{"line":64,"column":4},"end":{"line":64,"column":5}},"loc":{"start":{"line":64,"column":22},"end":{"line":66,"column":5}},"line":64},"4":{"name":"(anonymous_4)","decl":{"start":{"line":70,"column":4},"end":{"line":70,"column":5}},"loc":{"start":{"line":70,"column":22},"end":{"line":72,"column":5}},"line":70},"5":{"name":"(anonymous_5)","decl":{"start":{"line":76,"column":4},"end":{"line":76,"column":5}},"loc":{"start":{"line":76,"column":22},"end":{"line":78,"column":5}},"line":76},"6":{"name":"(anonymous_6)","decl":{"start":{"line":82,"column":4},"end":{"line":82,"column":5}},"loc":{"start":{"line":82,"column":22},"end":{"line":84,"column":5}},"line":82}},"branchMap":{"0":{"loc":{"start":{"line":12,"column":6},"end":{"line":14,"column":7}},"type":"if","locations":[{"start":{"line":12,"column":6},"end":{"line":14,"column":7}},{"start":{},"end":{}}],"line":12},"1":{"loc":{"start":{"line":12,"column":10},"end":{"line":12,"column":45}},"type":"binary-expr","locations":[{"start":{"line":12,"column":10},"end":{"line":12,"column":25}},{"start":{"line":12,"column":29},"end":{"line":12,"column":45}}],"line":12},"2":{"loc":{"start":{"line":15,"column":6},"end":{"line":17,"column":7}},"type":"if","locations":[{"start":{"line":15,"column":6},"end":{"line":17,"column":7}},{"start":{},"end":{}}],"line":15},"3":{"loc":{"start":{"line":22,"column":6},"end":{"line":47,"column":7}},"type":"switch","locations":[{"start":{"line":23,"column":8},"end":{"line":26,"column":16}},{"start":{"line":27,"column":8},"end":{"line":30,"column":16}},{"start":{"line":31,"column":8},"end":{"line":34,"column":16}},{"start":{"line":35,"column":8},"end":{"line":38,"column":16}},{"start":{"line":39,"column":8},"end":{"line":42,"column":16}},{"start":{"line":43,"column":8},"end":{"line":46,"column":16}}],"line":22}},"s":{"0":1,"1":10,"2":2,"3":8,"4":1,"5":7,"6":7,"7":7,"8":7,"9":7,"10":2,"11":2,"12":2,"13":1,"14":1,"15":1,"16":1,"17":1,"18":1,"19":1,"20":1,"21":1,"22":1,"23":1,"24":1,"25":1,"26":1,"27":1,"28":1,"29":1,"30":1,"31":1,"32":1,"33":1,"34":1},"f":{"0":10,"1":1,"2":1,"3":1,"4":1,"5":1,"6":1},"b":{"0":[2,8],"1":[10,9],"2":[1,7],"3":[2,1,1,1,1,1]},"_coverageSchema":"1a1c01bbd47fc00a2c39e90264f33305004495a9","hash":"dc16010868fc41e1f8bf7b56a7aefcc5431a86e8"}
}
