TN:
SF:character.js
FN:11,(anonymous_0)
FN:52,(anonymous_1)
FN:58,(anonymous_2)
FN:64,(anonymous_3)
FN:70,(anonymous_4)
FN:76,(anonymous_5)
FN:82,(anonymous_6)
FNF:7
FNH:7
FNDA:10,(anonymous_0)
FNDA:1,(anonymous_1)
FNDA:1,(anonymous_2)
FNDA:1,(anonymous_3)
FNDA:1,(anonymous_4)
FNDA:1,(anonymous_5)
FNDA:1,(anonymous_6)
DA:1,1
DA:12,10
DA:13,2
DA:15,8
DA:16,1
DA:18,7
DA:19,7
DA:20,7
DA:21,7
DA:22,7
DA:24,2
DA:25,2
DA:26,2
DA:28,1
DA:29,1
DA:30,1
DA:32,1
DA:33,1
DA:34,1
DA:36,1
DA:37,1
DA:38,1
DA:40,1
DA:41,1
DA:42,1
DA:44,1
DA:45,1
DA:46,1
DA:53,1
DA:59,1
DA:65,1
DA:71,1
DA:77,1
DA:83,1
DA:87,1
LF:35
LH:35
BRDA:12,0,0,2
BRDA:12,0,1,8
BRDA:12,1,0,10
BRDA:12,1,1,9
BRDA:15,2,0,1
BRDA:15,2,1,7
BRDA:22,3,0,2
BRDA:22,3,1,1
BRDA:22,3,2,1
BRDA:22,3,3,1
BRDA:22,3,4,1
BRDA:22,3,5,1
BRF:12
BRH:12
end_of_record
